<?xml version="1.0" encoding="UTF-8"?>
<testsuites name="Live Example Tests" tests="6" time="0.188">
  <testsuite name="Get Todos" id="26e72035-7133-4ec5-a29c-ec69a0522a00" timestamp="2022-03-29T00:51:46.545Z" tests="1" failures="0" errors="0" time="0.052">
    <testcase name="Status code is 200" time="0.052" classname="LiveExampleTests"/>
  </testsuite>
  <testsuite name="Post Todo" id="3521369c-e288-4e63-b122-4de50f11f71a" timestamp="2022-03-29T00:51:46.545Z" tests="1" failures="1" errors="0" time="0.034">
    <testcase name="Status code is 201" time="0.034" classname="LiveExampleTests">
      <failure type="AssertionFailure" message="expected response to have status code 20111111 but got 201">
        <![CDATA[Failed 1 times.]]>
        <![CDATA[Collection JSON ID: ac480547-d2a5-4dcb-aa57-6b970c4efc59.]]>
        <![CDATA[Collection name: Live Example Tests.]]>
        <![CDATA[Request name: Post Todo.]]>
        <![CDATA[Test description: Status code is 201.]]>
        <![CDATA[Error message: expected response to have status code 20111111 but got 201.]]>
        <![CDATA[Stacktrace: AssertionError: expected response to have status code 20111111 but got 201
   at Object.eval sandbox-script.js:1:2).]]>
      </failure>
    </testcase>
  </testsuite>
  <testsuite name="http://localhost:3000/todos" id="0db1acdf-40cd-41d9-8e5e-3036b398d9ca" timestamp="2022-03-29T00:51:46.545Z" tests="1" failures="0" errors="0" time="0.033">
    <testcase name="Status code is 200" time="0.033" classname="LiveExampleTests"/>
  </testsuite>
  <testsuite name="Delete the Todo" id="79c7b041-fbe5-4c3b-835a-21aaf9586d44" timestamp="2022-03-29T00:51:46.545Z" tests="1" failures="0" errors="0" time="0.034">
    <testcase name="successful response" time="0.034" classname="LiveExampleTests"/>
  </testsuite>
  <testsuite name="Get the created Todo" id="a5d85014-f1eb-4d19-869d-0e3812deeb3a" timestamp="2022-03-29T00:51:46.545Z" tests="1" failures="0" errors="0" time="0.032">
    <testcase name="Status code is 404" time="0.032" classname="LiveExampleTests"/>
  </testsuite>
  <testsuite name="Reset Todos" id="e442849e-2def-4415-adbc-c5e6d67e06e6" timestamp="2022-03-29T00:51:46.545Z" tests="1" failures="0" errors="0" time="0.003">
    <testcase name="Status code is 200" time="0.003" classname="LiveExampleTests"/>
  </testsuite>
</testsuites>